[20250828043148] Recovering parameters from ..\configs\evaluate_H01_C4.cfg
[20250828043148] ESSAY_CONFIGID : C4 (as <class 'str'>)
ESSAY_ESSAYID : H01 (as <class 'str'>)
ESSAY_RUNS : 50 (as <class 'int'>)
ESSAY_SCENARIO : Essay H01, Config C4: evaluate Polygrid on healthcare datasets (as <class 'str'>)
PARAM_ALPHA_RANGE : (0.05, 0.95, 0.05) (as <class 'tuple'>)
PARAM_BALANCE : False (as <class 'bool'>)
PARAM_COMPETITORS : ['Polygrid', 'Linear', 'Ridge', 'MLP', 'DT', 'RF', 'BRDT', 'BRRF', 'Random'] (as <class 'list'>)
PARAM_DATAPARS : {'whoqol': ('whoqol', 1.0, 'o', ''), 'whoqol-ml-11': ('whoqol-ml-11', 1.0, 'o', ''), 'whoqol-ml-22': ('whoqol-ml-22', 1.0, 'o', ''), 'whoqol-lr-11': ('whoqol-lr-11', 1.0, 'o', ''), 'whoqol-lr-22': ('whoqol-lr-22', 1.0, 'o', ''), 'ampiab': ('ampiab', 1.0, 'o', ''), 'ampiab-ml-11': ('ampiab-ml-11', 1.0, 'o', ''), 'ampiab-ml-22': ('ampiab-ml-22', 1.0, 'o', ''), 'ampiab-lr-11': ('ampiab-lr-11', 1.0, 'o', ''), 'ampiab-lr-22': ('ampiab-lr-22', 1.0, 'o', ''), 'elsio1': ('elsio1', 1.0, 'o', ''), 'elsio1-ml-11': ('elsio1-ml-11', 1.0, 'o', ''), 'elsio1-ml-22': ('elsio1-ml-22', 1.0, 'o', ''), 'elsio1-lr-11': ('elsio1-lr-11', 1.0, 'o', ''), 'elsio1-lr-22': ('elsio1-lr-22', 1.0, 'o', '')} (as <class 'dict'>)
PARAM_DATASETS : ['whoqol', 'whoqol-ml-11', 'whoqol-ml-22', 'whoqol-lr-11', 'whoqol-lr-22', 'ampiab', 'ampiab-ml-11', 'ampiab-ml-22', 'ampiab-lr-11', 'ampiab-lr-22', 'elsio1', 'elsio1-ml-11', 'elsio1-ml-22', 'elsio1-lr-11', 'elsio1-lr-22'] (as <class 'list'>)
PARAM_FILENAME : healthcare_evaluation (as <class 'str'>)
PARAM_GRIDSEARCH : {'nspd': [1, 2, 3], 'na': [1, 2, 3, 4, 5, 6, 7, 8], 'vorder': ['averages', 'rho', 'measures'], 'annulus_type': ['s-invariant', 'r-invariant', 'tree'], 'sector_type': ['cover', 'miss'], 'solver': ['lstsq', 'lstsqsym', 'lstsquni', 'ridge'], 'cutoff': ['single', 'multiple']} (as <class 'dict'>)
PARAM_HIDE_TAGS : False (as <class 'bool'>)
PARAM_MAXCORES : 4 (as <class 'int'>)
PARAM_MAXLABELS : None (as <class 'NoneType'>)
PARAM_POLYGRID : {'vorder': 'averages', 'init': 'full', 'norm': 'none', 'solver': 'lstsq', 'geoeng': 'shapely', 'annulus_type': 's-invariant', 'sector_type': 'cover', 'RAD': 1.0, 'ARES': 8, 'SRES': 8} (as <class 'dict'>)
PARAM_SAVEIT : False (as <class 'bool'>)
PARAM_SOURCEPATH : ['C:\\USERS\\ANDRE\\', 'Task Stage', 'Task - SRESPIM', 'SRESPIM', 'datasets'] (as <class 'list'>)
PARAM_TARGETPATH : ['C:\\USERS\\ANDRE\\', 'Task Stage', 'Task - SRESPIM', 'SRESPIM', 'datasets', 'results', 'healthcare'] (as <class 'list'>)
PARAM_TESTFRAC : 0.2 (as <class 'float'>)

[20250828043148] Recovering data from C:\USERS\ANDRE\Task Stage\Task - SRESPIM\SRESPIM\datasets\results\healthcare\healthcare_evaluation.pkl
[20250828043157] 
[20250828043157] Indices of the best Polygrid configs for each metric and dataset (-1 indicates NA - 'Not Applicable')
[20250828043157] metric          whoqol  whoqol-ml-11  whoqol-ml-22  whoqol-lr-11  whoqol-lr-22        ampiab  ampiab-ml-11  ampiab-ml-22  ampiab-lr-11  ampiab-lr-22        elsio1  elsio1-ml-11  elsio1-ml-22  elsio1-lr-11  elsio1-lr-22
[20250828043157] lracc               -1            -1            -1          3394          2757            -1            -1            -1          3345          2873            -1            -1            -1          3413          2173
[20250828043157] lrloss              -1            -1            -1          3394          3317            -1            -1            -1          3184          2769            -1            -1            -1          3408          2131
[20250828043157] ktau                -1            -1            -1          3032          3081            -1            -1            -1          3185          1457            -1            -1            -1          2799          3281
[20250828043157] accuracy           166          3168          3304            -1            -1          1952          2806          3193            -1            -1          2995          3429          2275            -1            -1
[20250828043157] hammingl           166          3168          3434            -1            -1          1952           166          3185            -1            -1          2995          3267          2115            -1            -1
[20250828043157] f1.micro           166          3424          3450            -1            -1          1952          1494          3185            -1            -1          2995          3267          2275            -1            -1
[20250828043157] f1.macro           166          3349          3402            -1            -1          1952          1164          2993            -1            -1          3283          3267          2275            -1            -1
[20250828043157] f1.weigh           166          3349          3450            -1            -1          1952          2313          3185            -1            -1          3285          3429          2275            -1            -1
[20250828043157] jaccsim              6          3349          1830            -1            -1            42          1884          1507            -1            -1           121          2976          2646            -1            -1
[20250828043157] 
[20250828043157] Performance data of the best Polygrid configs for each metric and dataset
[20250828043157] dataset         metric     score   size   index   config                                                           
[20250828043157] whoqol          accuracy   1.000     18     166   (1, 2, 'averages', 'r-invariant', 'cover', 'ridge', 'single')    
[20250828043157] whoqol          hammingl   0.000     18     166   (1, 2, 'averages', 'r-invariant', 'cover', 'ridge', 'single')    
[20250828043157] whoqol          f1.micro   1.000     18     166   (1, 2, 'averages', 'r-invariant', 'cover', 'ridge', 'single')    
[20250828043157] whoqol          f1.macro   1.000     18     166   (1, 2, 'averages', 'r-invariant', 'cover', 'ridge', 'single')    
[20250828043157] whoqol          f1.weigh   1.000     18     166   (1, 2, 'averages', 'r-invariant', 'cover', 'ridge', 'single')    
[20250828043157] whoqol          jaccsim    0.000     10       6   (1, 1, 'averages', 's-invariant', 'cover', 'ridge', 'single')    
[20250828043157] whoqol-ml-11    accuracy   0.640    924    3168   (3, 7, 'averages', 's-invariant', 'cover', 'lstsq', 'single')    
[20250828043157] whoqol-ml-11    hammingl   0.042    924    3168   (3, 7, 'averages', 's-invariant', 'cover', 'lstsq', 'single')    
[20250828043157] whoqol-ml-11    f1.micro   0.799   1056    3424   (3, 8, 'measures', 'r-invariant', 'cover', 'lstsq', 'single')    
[20250828043157] whoqol-ml-11    f1.macro   0.721   1056    3349   (3, 8, 'averages', 'tree', 'cover', 'lstsquni', 'multiple')      
[20250828043157] whoqol-ml-11    f1.weigh   0.799   1056    3349   (3, 8, 'averages', 'tree', 'cover', 'lstsquni', 'multiple')      
[20250828043157] whoqol-ml-11    jaccsim    0.044   1056    3349   (3, 8, 'averages', 'tree', 'cover', 'lstsquni', 'multiple')      
[20250828043157] whoqol-ml-22    accuracy   0.218   1848    3304   (3, 7, 'measures', 'tree', 'miss', 'lstsq', 'single')            
[20250828043157] whoqol-ml-22    hammingl   0.094   2112    3434   (3, 8, 'measures', 'r-invariant', 'miss', 'lstsqsym', 'single')  
[20250828043157] whoqol-ml-22    f1.micro   0.784   2112    3450   (3, 8, 'measures', 'tree', 'miss', 'lstsqsym', 'single')         
[20250828043157] whoqol-ml-22    f1.macro   0.781   2112    3402   (3, 8, 'rho', 'tree', 'miss', 'lstsqsym', 'single')              
[20250828043157] whoqol-ml-22    f1.weigh   0.785   2112    3450   (3, 8, 'measures', 'tree', 'miss', 'lstsqsym', 'single')         
[20250828043157] whoqol-ml-22    jaccsim    0.146    902    1830   (2, 5, 'measures', 's-invariant', 'cover', 'ridge', 'single')    
[20250828043157] whoqol-lr-11    lracc      0.656   1056    3394   (3, 8, 'rho', 'tree', 'cover', 'lstsqsym', 'single')             
[20250828043157] whoqol-lr-11    lrloss     0.037   1056    3394   (3, 8, 'rho', 'tree', 'cover', 'lstsqsym', 'single')             
[20250828043157] whoqol-lr-11    ktau       0.867    792    3032   (3, 6, 'averages', 's-invariant', 'miss', 'lstsq', 'single')     
[20250828043157] whoqol-lr-22    lracc      0.053   1056    2757   (3, 4, 'averages', 'r-invariant', 'cover', 'lstsquni', 'multiple')
[20250828043157] whoqol-lr-22    lrloss     0.189   2112    3317   (3, 8, 'averages', 's-invariant', 'cover', 'lstsquni', 'multiple')
[20250828043157] whoqol-lr-22    ktau       0.413   1584    3081   (3, 6, 'rho', 's-invariant', 'miss', 'lstsq', 'multiple')        
[20250828043157] ampiab          accuracy   0.730    180    1952   (2, 6, 'rho', 'tree', 'cover', 'lstsq', 'single')                
[20250828043157] ampiab          hammingl   0.180    180    1952   (2, 6, 'rho', 'tree', 'cover', 'lstsq', 'single')                
[20250828043157] ampiab          f1.micro   0.730    180    1952   (2, 6, 'rho', 'tree', 'cover', 'lstsq', 'single')                
[20250828043157] ampiab          f1.macro   0.702    180    1952   (2, 6, 'rho', 'tree', 'cover', 'lstsq', 'single')                
[20250828043157] ampiab          f1.weigh   0.726    180    1952   (2, 6, 'rho', 'tree', 'cover', 'lstsq', 'single')                
[20250828043157] ampiab          jaccsim    0.370     15      42   (1, 1, 'averages', 'tree', 'miss', 'lstsqsym', 'single')         
[20250828043157] ampiab-ml-11    accuracy   0.638    671    2806   (3, 4, 'rho', 'r-invariant', 'cover', 'ridge', 'single')         
[20250828043157] ampiab-ml-11    hammingl   0.063    121     166   (1, 2, 'averages', 'r-invariant', 'cover', 'ridge', 'single')    
[20250828043157] ampiab-ml-11    f1.micro   0.665    341    1494   (2, 3, 'rho', 's-invariant', 'cover', 'ridge', 'single')         
[20250828043157] ampiab-ml-11    f1.macro   0.156    110    1164   (2, 1, 'averages', 's-invariant', 'miss', 'lstsquni', 'single')  
[20250828043157] ampiab-ml-11    f1.weigh   0.574    165    2313   (3, 1, 'averages', 's-invariant', 'miss', 'lstsq', 'multiple')   
[20250828043157] ampiab-ml-11    jaccsim    0.312    660    1884   (2, 6, 'averages', 's-invariant', 'miss', 'lstsquni', 'single')  
[20250828043157] ampiab-ml-22    accuracy   0.321   2310    3193   (3, 7, 'averages', 'r-invariant', 'miss', 'lstsq', 'multiple')   
[20250828043157] ampiab-ml-22    hammingl   0.070   2310    3185   (3, 7, 'averages', 'r-invariant', 'cover', 'lstsq', 'multiple')  
[20250828043157] ampiab-ml-22    f1.micro   0.825   2310    3185   (3, 7, 'averages', 'r-invariant', 'cover', 'lstsq', 'multiple')  
[20250828043157] ampiab-ml-22    f1.macro   0.822   1650    2993   (3, 5, 'measures', 'r-invariant', 'cover', 'lstsq', 'multiple')  
[20250828043157] ampiab-ml-22    f1.weigh   0.823   2310    3185   (3, 7, 'averages', 'r-invariant', 'cover', 'lstsq', 'multiple')  
[20250828043157] ampiab-ml-22    jaccsim    0.311    660    1507   (2, 3, 'rho', 'r-invariant', 'cover', 'lstsqsym', 'multiple')    
[20250828043157] ampiab-lr-11    lracc      0.765   1320    3345   (3, 8, 'averages', 'tree', 'cover', 'lstsq', 'multiple')         
[20250828043157] ampiab-lr-11    lrloss     0.030   1155    3184   (3, 7, 'averages', 'r-invariant', 'cover', 'lstsq', 'single')    
[20250828043157] ampiab-lr-11    ktau       0.892   1155    3185   (3, 7, 'averages', 'r-invariant', 'cover', 'lstsq', 'multiple')  
[20250828043157] ampiab-lr-22    lracc      0.117   1320    2873   (3, 4, 'measures', 'tree', 'miss', 'lstsq', 'multiple')          
[20250828043157] ampiab-lr-22    lrloss     0.155   1320    2769   (3, 4, 'averages', 'tree', 'cover', 'lstsq', 'multiple')         
[20250828043157] ampiab-lr-22    ktau       0.400    660    1457   (2, 3, 'averages', 'r-invariant', 'cover', 'lstsq', 'multiple')  
[20250828043157] elsio1          accuracy   0.798    450    2995   (3, 5, 'measures', 'r-invariant', 'cover', 'lstsqsym', 'multiple')
[20250828043157] elsio1          hammingl   0.067    450    2995   (3, 5, 'measures', 'r-invariant', 'cover', 'lstsqsym', 'multiple')
[20250828043157] elsio1          f1.micro   0.798    450    2995   (3, 5, 'measures', 'r-invariant', 'cover', 'lstsqsym', 'multiple')
[20250828043157] elsio1          f1.macro   0.218    630    3283   (3, 7, 'measures', 'r-invariant', 'cover', 'lstsqsym', 'multiple')
[20250828043157] elsio1          f1.weigh   0.743    630    3285   (3, 7, 'measures', 'r-invariant', 'cover', 'lstsquni', 'multiple')
[20250828043157] elsio1          jaccsim    0.458     30     121   (1, 1, 'measures', 'r-invariant', 'miss', 'lstsq', 'multiple')   
[20250828043157] elsio1-ml-11    accuracy   0.719   1320    3429   (3, 8, 'measures', 'r-invariant', 'cover', 'lstsquni', 'multiple')
[20250828043157] elsio1-ml-11    hammingl   0.032   1155    3267   (3, 7, 'measures', 's-invariant', 'cover', 'lstsqsym', 'multiple')
[20250828043157] elsio1-ml-11    f1.micro   0.837   1155    3267   (3, 7, 'measures', 's-invariant', 'cover', 'lstsqsym', 'multiple')
[20250828043157] elsio1-ml-11    f1.macro   0.830   1155    3267   (3, 7, 'measures', 's-invariant', 'cover', 'lstsqsym', 'multiple')
[20250828043157] elsio1-ml-11    f1.weigh   0.836   1320    3429   (3, 8, 'measures', 'r-invariant', 'cover', 'lstsquni', 'multiple')
[20250828043157] elsio1-ml-11    jaccsim    0.166    825    2976   (3, 5, 'measures', 's-invariant', 'cover', 'lstsq', 'single')    
[20250828043157] elsio1-ml-22    accuracy   0.297   1760    2275   (2, 8, 'measures', 'r-invariant', 'cover', 'lstsqsym', 'multiple')
[20250828043157] elsio1-ml-22    hammingl   0.064   1540    2115   (2, 7, 'measures', 's-invariant', 'cover', 'lstsqsym', 'multiple')
[20250828043157] elsio1-ml-22    f1.micro   0.847   1760    2275   (2, 8, 'measures', 'r-invariant', 'cover', 'lstsqsym', 'multiple')
[20250828043157] elsio1-ml-22    f1.macro   0.846   1760    2275   (2, 8, 'measures', 'r-invariant', 'cover', 'lstsqsym', 'multiple')
[20250828043157] elsio1-ml-22    f1.weigh   0.847   1760    2275   (2, 8, 'measures', 'r-invariant', 'cover', 'lstsqsym', 'multiple')
[20250828043157] elsio1-ml-22    jaccsim    0.266   1012    2646   (3, 3, 'rho', 's-invariant', 'cover', 'ridge', 'single')         
[20250828043157] elsio1-lr-11    lracc      0.689   1320    3413   (3, 8, 'measures', 's-invariant', 'cover', 'lstsquni', 'multiple')
[20250828043157] elsio1-lr-11    lrloss     0.036   1320    3408   (3, 8, 'measures', 's-invariant', 'cover', 'lstsq', 'single')    
[20250828043157] elsio1-lr-11    ktau       0.900    671    2799   (3, 4, 'rho', 's-invariant', 'miss', 'ridge', 'multiple')        
[20250828043157] elsio1-lr-22    lracc      0.085   1760    2173   (2, 8, 'averages', 's-invariant', 'miss', 'lstsquni', 'multiple')
[20250828043157] elsio1-lr-22    lrloss     0.152   1540    2131   (2, 7, 'measures', 'r-invariant', 'cover', 'lstsqsym', 'multiple')
[20250828043157] elsio1-lr-22    ktau       0.401   2310    3281   (3, 7, 'measures', 'r-invariant', 'cover', 'lstsq', 'multiple')  
[20250828043157] -- processing performance data related to the whoqol dataset
[20250828043158] -- processing performance data related to the whoqol-ml-11 dataset
[20250828043158] -- processing performance data related to the whoqol-ml-22 dataset
[20250828043159] -- processing performance data related to the whoqol-lr-11 dataset
[20250828043200] -- processing performance data related to the whoqol-lr-22 dataset
[20250828043201] -- processing performance data related to the ampiab dataset
[20250828043202] -- processing performance data related to the ampiab-ml-11 dataset
[20250828043202] -- processing performance data related to the ampiab-ml-22 dataset
[20250828043203] -- processing performance data related to the ampiab-lr-11 dataset
[20250828043204] -- processing performance data related to the ampiab-lr-22 dataset
[20250828043204] -- processing performance data related to the elsio1 dataset
[20250828043205] -- processing performance data related to the elsio1-ml-11 dataset
[20250828043206] -- processing performance data related to the elsio1-ml-22 dataset
[20250828043206] -- processing performance data related to the elsio1-lr-11 dataset
[20250828043207] -- processing performance data related to the elsio1-lr-22 dataset
[20250828043207] Saving model performance details to C:\USERS\ANDRE\Task Stage\Task - SRESPIM\SRESPIM\datasets\results\healthcare\healthcare_evaluation.csv
[20250828043210] Saving model ranking details to C:\USERS\ANDRE\Task Stage\Task - SRESPIM\SRESPIM\datasets\results\healthcare\healthcare_evaluation_rank.csv

+------------------------------------------------------------------------------------------------------
| Computing model ranking according to jaccsim
+------------------------------------------------------------------------------------------------------

Average performance on jaccsim, per classifier/dataset:
classifier_name   BRDT   BRRF     DT  Linear    MLP  Polygrid     RF  Random  Ridge
dataset_name                                                                       
ampiab           0.990  0.989  0.943   0.706  0.675     0.370  0.873   0.943  0.504
ampiab-ml-11     0.809  0.420  0.844   0.370  0.346     0.312  0.460   0.416  0.347
ampiab-ml-22     0.735  0.531  0.961   0.416  0.248     0.311  0.536   0.908  0.332
elsio1           0.923  0.849  0.695   0.441  0.559     0.458  0.719   0.680  0.557
elsio1-ml-11     0.879  0.337  0.920   0.330  0.108     0.166  0.298   0.876  0.264
elsio1-ml-22     0.858  0.621  0.989   0.428  0.235     0.266  0.455   0.941  0.318
whoqol           0.886  0.945  0.700   0.534  0.000     0.000  0.636   0.812  0.010
whoqol-ml-11     0.664  0.172  0.673   0.231  0.097     0.044  0.146   0.458  0.113
whoqol-ml-22     0.901  0.393  0.949   0.333  0.173     0.146  0.205   0.618  0.193

Average rank per model, considering jaccsim:
   Polygrid	1.50
   MLP     	1.94
   Ridge   	2.89
   Linear  	4.11
   RF      	5.22
   BRRF    	6.56
   Random  	6.72
   BRDT    	8.00
   DT      	8.06

Models grouped by competitive performance:
  Group 1: ('Polygrid', 'MLP')
  Group 2: ('Ridge',)
  Group 3: ('Linear', 'RF')
  Group 4: ('BRRF',)
  Group 5: ('Random',)
  Group 6: ('BRDT', 'DT')

+------------------------------------------------------------------------------------------------------
| Computing model ranking according to accuracy
+------------------------------------------------------------------------------------------------------

Average performance on accuracy, per classifier/dataset:
classifier_name   BRDT   BRRF     DT  Linear    MLP  Polygrid     RF  Random  Ridge
dataset_name                                                                       
ampiab           0.699  0.641  0.665   0.496  0.670     0.730  0.697   0.315  0.675
ampiab-ml-11     0.278  0.498  0.348   0.441  0.504     0.638  0.466   0.000  0.602
ampiab-ml-22     0.669  0.140  0.670   0.058  0.649     0.321  0.299   0.000  0.152
elsio1           0.731  0.788  0.695   0.789  0.755     0.798  0.786   0.171  0.790
elsio1-ml-11     0.841  0.607  0.868   0.154  0.861     0.719  0.704   0.001  0.284
elsio1-ml-22     0.378  0.130  0.547   0.060  0.450     0.297  0.254   0.000  0.069
whoqol           0.856  0.832  0.874   0.645  0.982     1.000  0.849   0.499  0.959
whoqol-ml-11     0.533  0.419  0.625   0.074  0.559     0.640  0.644   0.002  0.299
whoqol-ml-22     0.111  0.072  0.234   0.035  0.222     0.218  0.195   0.000  0.107

Average rank per model, considering accuracy:
   Polygrid	2.33
   MLP     	3.22
   DT      	3.56
   RF      	4.33
   BRDT    	4.44
   Ridge   	4.89
   BRRF    	6.00
   Linear  	7.22
   Random  	9.00

Models grouped by competitive performance:
  Group 1: ('Polygrid', 'DT')
  Group 2: ('MLP',)
  Group 3: ('RF', 'BRDT')
  Group 4: ('Ridge', 'BRRF')
  Group 5: ('Linear',)
  Group 6: ('Random',)

+------------------------------------------------------------------------------------------------------
| Computing model ranking according to hammingl
+------------------------------------------------------------------------------------------------------

Average performance on hammingl, per classifier/dataset:
classifier_name   BRDT   BRRF     DT  Linear    MLP  Polygrid     RF  Random  Ridge
dataset_name                                                                       
ampiab           0.198  0.239  0.206   0.336  0.220     0.180  0.202   0.457  0.217
ampiab-ml-11     0.079  0.069  0.102   0.086  0.093     0.063  0.075   0.715  0.066
ampiab-ml-22     0.037  0.105  0.044   0.133  0.045     0.070  0.069   0.206  0.104
elsio1           0.098  0.071  0.099   0.070  0.082     0.067  0.071   0.276  0.070
elsio1-ml-11     0.018  0.044  0.018   0.088  0.017     0.032  0.044   0.099  0.072
elsio1-ml-22     0.059  0.104  0.043   0.161  0.042     0.064  0.066   0.205  0.131
whoqol           0.136  0.162  0.120   0.355  0.018     0.000  0.122   0.501  0.041
whoqol-ml-11     0.057  0.069  0.062   0.152  0.056     0.042  0.045   0.718  0.089
whoqol-ml-22     0.123  0.128  0.139   0.247  0.112     0.094  0.108   0.776  0.149

Average rank per model, considering hammingl:
   Polygrid	2.11
   MLP     	3.56
   BRDT    	3.83
   RF      	3.89
   DT      	4.61
   Ridge   	5.17
   BRRF    	5.67
   Linear  	7.17
   Random  	9.00

Models grouped by competitive performance:
  Group 1: ('Polygrid',)
  Group 2: ('MLP', 'RF', 'BRDT')
  Group 3: ('DT', 'Ridge')
  Group 4: ('BRRF',)
  Group 5: ('Linear',)
  Group 6: ('Random',)

+------------------------------------------------------------------------------------------------------
| Computing model ranking according to f1.micro
+------------------------------------------------------------------------------------------------------

Average performance on f1.micro, per classifier/dataset:
classifier_name   BRDT   BRRF     DT  Linear    MLP  Polygrid     RF  Random  Ridge
dataset_name                                                                       
ampiab           0.704  0.641  0.699   0.496  0.670     0.730  0.698   0.315  0.675
ampiab-ml-11     0.498  0.652  0.439   0.596  0.460     0.665  0.616   0.166  0.657
ampiab-ml-22     0.906  0.737  0.889   0.633  0.891     0.825  0.829   0.007  0.753
elsio1           0.731  0.788  0.708   0.789  0.755     0.798  0.787   0.171  0.790
elsio1-ml-11     0.909  0.769  0.908   0.319  0.917     0.837  0.718   0.002  0.543
elsio1-ml-22     0.866  0.758  0.893   0.508  0.900     0.847  0.841   0.003  0.663
whoqol           0.865  0.839  0.882   0.645  0.982     1.000  0.882   0.499  0.959
whoqol-ml-11     0.711  0.692  0.705   0.397  0.735     0.799  0.739   0.167  0.572
whoqol-ml-22     0.688  0.707  0.651   0.501  0.761     0.784  0.720   0.343  0.678

Average rank per model, considering f1.micro:
   Polygrid	2.11
   MLP     	3.33
   BRDT    	4.00
   RF      	4.17
   DT      	4.83
   Ridge   	5.00
   BRRF    	5.44
   Linear  	7.11
   Random  	9.00

Models grouped by competitive performance:
  Group 1: ('Polygrid',)
  Group 2: ('MLP', 'BRDT')
  Group 3: ('RF', 'DT')
  Group 4: ('Ridge',)
  Group 5: ('BRRF',)
  Group 6: ('Linear',)
  Group 7: ('Random',)

+------------------------------------------------------------------------------------------------------
| Computing model ranking according to f1.macro
+------------------------------------------------------------------------------------------------------

Average performance on f1.macro, per classifier/dataset:
classifier_name   BRDT   BRRF     DT  Linear    MLP  Polygrid     RF  Random  Ridge
dataset_name                                                                       
ampiab           0.678  0.487  0.672   0.358  0.656     0.702  0.663   0.302  0.496
ampiab-ml-11     0.105  0.078  0.103   0.105  0.084     0.156  0.084   0.125  0.080
ampiab-ml-22     0.858  0.750  0.883   0.563  0.899     0.822  0.822   0.005  0.756
elsio1           0.220  0.157  0.203   0.147  0.197     0.218  0.194   0.094  0.151
elsio1-ml-11     0.907  0.741  0.903   0.239  0.913     0.830  0.691   0.002  0.434
elsio1-ml-22     0.865  0.756  0.888   0.459  0.900     0.846  0.842   0.003  0.639
whoqol           0.860  0.828  0.876   0.629  0.981     1.000  0.876   0.486  0.958
whoqol-ml-11     0.648  0.606  0.627   0.227  0.642     0.721  0.674   0.013  0.442
whoqol-ml-22     0.650  0.689  0.604   0.444  0.732     0.781  0.688   0.339  0.663

Average rank per model, considering f1.macro:
   Polygrid	2.17
   MLP     	2.94
   BRDT    	3.28
   DT      	3.83
   RF      	4.61
   Ridge   	6.22
   BRRF    	6.22
   Linear  	7.50
   Random  	8.22

Models grouped by competitive performance:
  Group 1: ('Polygrid', 'DT', 'BRDT')
  Group 2: ('MLP',)
  Group 3: ('RF',)
  Group 4: ('Ridge',)
  Group 5: ('BRRF',)
  Group 6: ('Linear',)
  Group 7: ('Random',)

+------------------------------------------------------------------------------------------------------
| Computing model ranking according to f1.weigh
+------------------------------------------------------------------------------------------------------

Average performance on f1.weigh, per classifier/dataset:
classifier_name   BRDT   BRRF     DT  Linear    MLP  Polygrid     RF  Random  Ridge
dataset_name                                                                       
ampiab           0.700  0.590  0.696   0.446  0.669     0.726  0.691   0.326  0.613
ampiab-ml-11     0.510  0.519  0.467   0.529  0.473     0.574  0.491   0.526  0.509
ampiab-ml-22     0.905  0.729  0.888   0.564  0.891     0.823  0.828   0.007  0.752
elsio1           0.728  0.699  0.691   0.699  0.702     0.743  0.718   0.242  0.702
elsio1-ml-11     0.907  0.760  0.909   0.223  0.923     0.836  0.770   0.001  0.428
elsio1-ml-22     0.866  0.752  0.892   0.445  0.900     0.847  0.840   0.003  0.615
whoqol           0.863  0.836  0.881   0.642  0.982     1.000  0.881   0.498  0.959
whoqol-ml-11     0.714  0.673  0.702   0.260  0.726     0.799  0.750   0.014  0.494
whoqol-ml-22     0.677  0.703  0.643   0.482  0.760     0.785  0.702   0.381  0.670

Average rank per model, considering f1.weigh:
   Polygrid	2.11
   MLP     	3.17
   BRDT    	3.44
   RF      	4.28
   DT      	4.83
   Ridge   	5.83
   BRRF    	5.83
   Linear  	7.17
   Random  	8.33

Models grouped by competitive performance:
  Group 1: ('Polygrid',)
  Group 2: ('MLP', 'BRDT')
  Group 3: ('RF', 'DT')
  Group 4: ('Ridge',)
  Group 5: ('BRRF',)
  Group 6: ('Linear',)
  Group 7: ('Random',)

+------------------------------------------------------------------------------------------------------
| Computing model ranking according to ktau
+------------------------------------------------------------------------------------------------------

Average performance on ktau, per classifier/dataset:
classifier_name   BRDT   BRRF     DT  Linear    MLP  Polygrid     RF  Random  Ridge
dataset_name                                                                       
ampiab-lr-11     0.945  0.887  0.918   0.715  0.935     0.892  0.899  -0.210  0.788
ampiab-lr-22     0.300  0.191  0.655   0.137  0.468     0.400  0.253  -0.073  0.274
elsio1-lr-11     0.869  0.757  0.882   0.673  0.909     0.900  0.830  -0.163  0.681
elsio1-lr-22     0.410  0.288  0.673   0.226  0.535     0.401  0.416  -0.036  0.278
whoqol-lr-11     0.643  0.646  0.559   0.144  0.734     0.867  0.645  -0.017  0.513
whoqol-lr-22     0.296  0.256  0.453   0.130  0.238     0.413  0.291   0.046  0.187

Average rank per model, considering ktau:
   MLP     	2.50
   DT      	2.50
   Polygrid	3.00
   BRDT    	3.50
   RF      	4.33
   BRRF    	5.50
   Ridge   	6.67
   Linear  	8.00
   Random  	9.00

Models grouped by competitive performance:
  Group 1: ('MLP', 'Polygrid', 'DT')
  Group 2: ('BRDT',)
  Group 3: ('RF',)
  Group 4: ('BRRF',)
  Group 5: ('Ridge',)
  Group 6: ('Linear',)
  Group 7: ('Random',)

+------------------------------------------------------------------------------------------------------
| Computing model ranking according to lracc
+------------------------------------------------------------------------------------------------------

Average performance on lracc, per classifier/dataset:
classifier_name   BRDT   BRRF     DT  Linear    MLP  Polygrid     RF  Random  Ridge
dataset_name                                                                       
ampiab-lr-11     0.903  0.733  0.920   0.333  0.848     0.765  0.853   0.001  0.504
ampiab-lr-22     0.128  0.047  0.605   0.003  0.174     0.117  0.070   0.001  0.006
elsio1-lr-11     0.831  0.563  0.850   0.134  0.840     0.689  0.685   0.000  0.259
elsio1-lr-22     0.108  0.030  0.452   0.027  0.132     0.085  0.050   0.000  0.005
whoqol-lr-11     0.519  0.407  0.635   0.109  0.497     0.656  0.603   0.001  0.278
whoqol-lr-22     0.097  0.010  0.201   0.009  0.015     0.053  0.014   0.001  0.005

Average rank per model, considering lracc:
   DT      	1.17
   BRDT    	2.83
   MLP     	3.17
   Polygrid	3.50
   RF      	4.33
   BRRF    	6.00
   Ridge   	7.33
   Linear  	7.67
   Random  	9.00

Models grouped by competitive performance:
  Group 1: ('DT',)
  Group 2: ('BRDT', 'MLP')
  Group 3: ('Polygrid',)
  Group 4: ('RF',)
  Group 5: ('BRRF',)
  Group 6: ('Ridge',)
  Group 7: ('Linear',)
  Group 8: ('Random',)

+------------------------------------------------------------------------------------------------------
| Computing model ranking according to lrloss
+------------------------------------------------------------------------------------------------------

Average performance on lrloss, per classifier/dataset:
classifier_name   BRDT   BRRF     DT  Linear    MLP  Polygrid     RF  Random  Ridge
dataset_name                                                                       
ampiab-lr-11     0.012  0.041  0.010   0.075  0.017     0.030  0.019   0.888  0.063
ampiab-lr-22     0.160  0.202  0.083   0.196  0.128     0.155  0.162   0.203  0.210
elsio1-lr-11     0.021  0.052  0.016   0.132  0.021     0.036  0.056   0.931  0.087
elsio1-lr-22     0.139  0.201  0.090   0.205  0.122     0.152  0.160   0.204  0.206
whoqol-lr-11     0.060  0.067  0.039   0.133  0.064     0.037  0.043   0.790  0.093
whoqol-lr-22     0.168  0.220  0.168   0.214  0.217     0.189  0.223   0.196  0.237

Average rank per model, considering lrloss:
   DT      	1.25
   BRDT    	2.83
   Polygrid	3.33
   MLP     	3.42
   RF      	5.17
   BRRF    	6.17
   Linear  	7.17
   Random  	7.67
   Ridge   	8.00

Models grouped by competitive performance:
  Group 1: ('DT',)
  Group 2: ('BRDT', 'MLP')
  Group 3: ('Polygrid',)
  Group 4: ('RF',)
  Group 5: ('BRRF',)
  Group 6: ('Linear', 'Ridge')
  Group 7: ('Random',)
[20250828043210] This report was saved to C:\USERS\ANDRE\Task Stage\Task - SRESPIM\SRESPIM\datasets\results\healthcare\display.log